2018-06-24 04:34:04 [scrapy.utils.log] INFO: Scrapy 1.5.0 started (bot: sspider)
2018-06-24 04:34:04 [scrapy.utils.log] INFO: Versions: lxml 4.2.1.0, libxml2 2.9.8, cssselect 1.0.3, parsel 1.4.0, w3lib 1.19.0, Twisted 18.4.0, Python 2.7.14 (default, Sep 23 2017, 22:06:14) - [GCC 7.2.0], pyOpenSSL 18.0.0 (OpenSSL 1.1.0h  27 Mar 2018), cryptography 2.2.2, Platform Linux-4.13.0-45-generic-x86_64-with-Ubuntu-17.10-artful
2018-06-24 04:34:04 [__main__] INFO: start server at 127.0.0.1:50000
2018-06-24 04:34:04 [scrapy.crawler] INFO: Overridden settings: {'NEWSPIDER_MODULE': 'sspider.spiders', 'SPIDER_MODULES': ['sspider.spiders'], 'BOT_NAME': 'sspider', 'COOKIES_ENABLED': False, 'USER_AGENT': ['Mozilla/5.0 (Windows NT 6.1; Win64; x64) AppleWebKit/537.36 (KHTML, like Gecko) Chrome/59.0.3071.115 Safari/537.36', 'Mozilla/5.0 (Windows NT 6.1; WOW64) AppleWebKit/537.36 (KHTML, like Gecko) Chrome/39.0.2171.71 Safari/537.36', 'Mozilla/5.0 (X11; Linux x86_64) AppleWebKit/537.11 (KHTML, like Gecko) Chrome/23.0.1271.64 Safari/537.11', 'Mozilla/5.0 (Windows NT 6.1; WOW64) AppleWebKit/534.57.2 (KHTML, like Gecko) Version/5.1.7 Safari/534.57.2', 'Mozilla/5.0 (Windows NT 6.1; WOW64; rv:34.0) Gecko/20100101 Firefox/34.0', 'Mozilla/5.0 (Windows NT 5.1; U; en; rv:1.8.1) Gecko/20061208 Firefox/2.0.0 Opera 9.50'], 'LOG_FILE': 'spider.log', 'DOWNLOAD_DELAY': 1}
2018-06-24 04:34:04 [scrapy.middleware] INFO: Enabled extensions:
['scrapy.extensions.memusage.MemoryUsage',
 'scrapy.extensions.logstats.LogStats',
 'scrapy.extensions.telnet.TelnetConsole',
 'scrapy.extensions.corestats.CoreStats']
2018-06-24 04:34:04 [root] INFO: init agents Mozilla/5.0 (Windows NT 6.1; Win64; x64) AppleWebKit/537.36 (KHTML, like Gecko) Chrome/59.0.3071.115 Safari/537.36
2018-06-24 04:34:04 [scrapy.middleware] INFO: Enabled downloader middlewares:
['sspider.middlewares.RandomUserAgent',
 'sspider.middlewares.StartTime',
 'sspider.middlewares.CustomeSlotKey',
 'sspider.middlewares.ExceptionProcessor',
 'scrapy.downloadermiddlewares.httpauth.HttpAuthMiddleware',
 'scrapy.downloadermiddlewares.downloadtimeout.DownloadTimeoutMiddleware',
 'scrapy.downloadermiddlewares.defaultheaders.DefaultHeadersMiddleware',
 'scrapy.downloadermiddlewares.useragent.UserAgentMiddleware',
 'scrapy.downloadermiddlewares.retry.RetryMiddleware',
 'scrapy.downloadermiddlewares.redirect.MetaRefreshMiddleware',
 'scrapy.downloadermiddlewares.httpcompression.HttpCompressionMiddleware',
 'scrapy.downloadermiddlewares.redirect.RedirectMiddleware',
 'scrapy.downloadermiddlewares.httpproxy.HttpProxyMiddleware',
 'scrapy.downloadermiddlewares.stats.DownloaderStats']
2018-06-24 04:34:04 [root] INFO: init agents Mozilla/5.0 (Windows NT 6.1; Win64; x64) AppleWebKit/537.36 (KHTML, like Gecko) Chrome/59.0.3071.115 Safari/537.36
2018-06-24 04:34:04 [scrapy.middleware] INFO: Enabled spider middlewares:
['sspider.middlewares.RandomUserAgent',
 'scrapy.spidermiddlewares.httperror.HttpErrorMiddleware',
 'sspider.middlewares.StartTime',
 'sspider.middlewares.CustomeSlotKey',
 'sspider.middlewares.ExceptionProcessor',
 'scrapy.spidermiddlewares.offsite.OffsiteMiddleware',
 'scrapy.spidermiddlewares.referer.RefererMiddleware',
 'scrapy.spidermiddlewares.urllength.UrlLengthMiddleware',
 'scrapy.spidermiddlewares.depth.DepthMiddleware']
2018-06-24 04:34:04 [scrapy.middleware] INFO: Enabled item pipelines:
['sspider.pipelines.StatusPipeline']
2018-06-24 04:34:04 [scrapy.core.engine] INFO: Spider opened
2018-06-24 04:34:04 [scrapy.extensions.logstats] INFO: Crawled 0 pages (at 0 pages/min), scraped 0 items (at 0 items/min)
2018-06-24 04:34:04 [scrapy.extensions.telnet] DEBUG: Telnet console listening on 127.0.0.1:6023
2018-06-24 04:34:17 [scrapy.crawler] INFO: Received SIGTERM, shutting down gracefully. Send again to force 
2018-06-24 04:34:17 [scrapy.core.engine] INFO: Closing spider (shutdown)
2018-06-24 04:34:17 [sspider.pipelines] INFO: Total Speed 0.000000 url/s in 0 urls with total 0 urls
2018-06-24 04:34:17 [scrapy.statscollectors] INFO: Dumping Scrapy stats:
{'finish_reason': 'shutdown',
 'finish_time': datetime.datetime(2018, 6, 24, 11, 34, 17, 451611),
 'log_count/DEBUG': 1,
 'log_count/INFO': 11,
 'memusage/max': 58572800,
 'memusage/startup': 58572800,
 'start_time': datetime.datetime(2018, 6, 24, 11, 34, 4, 563016)}
2018-06-24 04:34:17 [scrapy.core.engine] INFO: Spider closed (shutdown)
